<?xml version="1.0" encoding="UTF-8"?>
<!-- Generated by org.testng.reporters.JUnitReportReporter -->
<testsuite skipped="0" hostname="G1C2ML15588" name="maven_testing_framework.framework.Main" tests="1" failures="0" timestamp="04 Sep 2018 04:44:29 GMT" time="55.639" errors="0">
  <testcase name="mainControll" time="55.639" classname="maven_testing_framework.framework.Main"/>
</testsuite> <!-- maven_testing_framework.framework.Main -->
